{"/Users/jinqinxiong/Desktop/madness/src/App.js": {"path":"/Users/jinqinxiong/Desktop/madness/src/App.js","statementMap":{"0":{"start":{"line":6,"column":17},"end":{"line":6,"column":26}},"1":{"start":{"line":8,"column":32},"end":{"line":8,"column":54}},"2":{"start":{"line":9,"column":28},"end":{"line":9,"column":39}},"3":{"start":{"line":10,"column":34},"end":{"line":10,"column":49}},"4":{"start":{"line":11,"column":20},"end":{"line":11,"column":32}},"5":{"start":{"line":14,"column":19},"end":{"line":24,"column":3}},"6":{"start":{"line":15,"column":4},"end":{"line":17,"column":5}},"7":{"start":{"line":16,"column":6},"end":{"line":16,"column":30}},"8":{"start":{"line":18,"column":4},"end":{"line":20,"column":5}},"9":{"start":{"line":19,"column":6},"end":{"line":19,"column":27}},"10":{"start":{"line":21,"column":4},"end":{"line":23,"column":5}},"11":{"start":{"line":22,"column":6},"end":{"line":22,"column":29}},"12":{"start":{"line":26,"column":28},"end":{"line":29,"column":3}},"13":{"start":{"line":27,"column":4},"end":{"line":27,"column":58}},"14":{"start":{"line":28,"column":4},"end":{"line":28,"column":24}},"15":{"start":{"line":31,"column":23},"end":{"line":36,"column":3}},"16":{"start":{"line":32,"column":4},"end":{"line":34,"column":5}},"17":{"start":{"line":33,"column":6},"end":{"line":33,"column":13}},"18":{"start":{"line":35,"column":4},"end":{"line":35,"column":28}},"19":{"start":{"line":39,"column":2},"end":{"line":46,"column":9}},"20":{"start":{"line":40,"column":4},"end":{"line":40,"column":61}},"21":{"start":{"line":41,"column":4},"end":{"line":41,"column":25}},"22":{"start":{"line":42,"column":4},"end":{"line":45,"column":6}},"23":{"start":{"line":43,"column":6},"end":{"line":43,"column":27}},"24":{"start":{"line":44,"column":6},"end":{"line":44,"column":28}},"25":{"start":{"line":48,"column":2},"end":{"line":86,"column":4}},"26":{"start":{"line":51,"column":56},"end":{"line":51,"column":74}},"27":{"start":{"line":63,"column":58},"end":{"line":63,"column":78}},"28":{"start":{"line":66,"column":58},"end":{"line":66,"column":78}},"29":{"start":{"line":69,"column":58},"end":{"line":69,"column":78}},"30":{"start":{"line":74,"column":96},"end":{"line":74,"column":121}},"31":{"start":{"line":77,"column":96},"end":{"line":77,"column":128}}},"fnMap":{"0":{"name":"App","decl":{"start":{"line":7,"column":9},"end":{"line":7,"column":12}},"loc":{"start":{"line":7,"column":15},"end":{"line":87,"column":1}},"line":7},"1":{"name":"(anonymous_1)","decl":{"start":{"line":14,"column":19},"end":{"line":14,"column":20}},"loc":{"start":{"line":14,"column":30},"end":{"line":24,"column":3}},"line":14},"2":{"name":"(anonymous_2)","decl":{"start":{"line":26,"column":28},"end":{"line":26,"column":29}},"loc":{"start":{"line":26,"column":39},"end":{"line":29,"column":3}},"line":26},"3":{"name":"(anonymous_3)","decl":{"start":{"line":31,"column":23},"end":{"line":31,"column":24}},"loc":{"start":{"line":31,"column":33},"end":{"line":36,"column":3}},"line":31},"4":{"name":"(anonymous_4)","decl":{"start":{"line":39,"column":12},"end":{"line":39,"column":13}},"loc":{"start":{"line":39,"column":18},"end":{"line":46,"column":3}},"line":39},"5":{"name":"(anonymous_5)","decl":{"start":{"line":42,"column":11},"end":{"line":42,"column":12}},"loc":{"start":{"line":42,"column":17},"end":{"line":45,"column":5}},"line":42},"6":{"name":"(anonymous_6)","decl":{"start":{"line":51,"column":50},"end":{"line":51,"column":51}},"loc":{"start":{"line":51,"column":56},"end":{"line":51,"column":74}},"line":51},"7":{"name":"(anonymous_7)","decl":{"start":{"line":63,"column":52},"end":{"line":63,"column":53}},"loc":{"start":{"line":63,"column":58},"end":{"line":63,"column":78}},"line":63},"8":{"name":"(anonymous_8)","decl":{"start":{"line":66,"column":52},"end":{"line":66,"column":53}},"loc":{"start":{"line":66,"column":58},"end":{"line":66,"column":78}},"line":66},"9":{"name":"(anonymous_9)","decl":{"start":{"line":69,"column":52},"end":{"line":69,"column":53}},"loc":{"start":{"line":69,"column":58},"end":{"line":69,"column":78}},"line":69},"10":{"name":"(anonymous_10)","decl":{"start":{"line":74,"column":90},"end":{"line":74,"column":91}},"loc":{"start":{"line":74,"column":96},"end":{"line":74,"column":121}},"line":74},"11":{"name":"(anonymous_11)","decl":{"start":{"line":77,"column":90},"end":{"line":77,"column":91}},"loc":{"start":{"line":77,"column":96},"end":{"line":77,"column":128}},"line":77}},"branchMap":{"0":{"loc":{"start":{"line":15,"column":4},"end":{"line":17,"column":5}},"type":"if","locations":[{"start":{"line":15,"column":4},"end":{"line":17,"column":5}},{"start":{},"end":{}}],"line":15},"1":{"loc":{"start":{"line":18,"column":4},"end":{"line":20,"column":5}},"type":"if","locations":[{"start":{"line":18,"column":4},"end":{"line":20,"column":5}},{"start":{},"end":{}}],"line":18},"2":{"loc":{"start":{"line":21,"column":4},"end":{"line":23,"column":5}},"type":"if","locations":[{"start":{"line":21,"column":4},"end":{"line":23,"column":5}},{"start":{},"end":{}}],"line":21},"3":{"loc":{"start":{"line":32,"column":4},"end":{"line":34,"column":5}},"type":"if","locations":[{"start":{"line":32,"column":4},"end":{"line":34,"column":5}},{"start":{},"end":{}}],"line":32},"4":{"loc":{"start":{"line":57,"column":24},"end":{"line":57,"column":83}},"type":"cond-expr","locations":[{"start":{"line":57,"column":35},"end":{"line":57,"column":62}},{"start":{"line":57,"column":65},"end":{"line":57,"column":83}}],"line":57},"5":{"loc":{"start":{"line":74,"column":26},"end":{"line":74,"column":79}},"type":"cond-expr","locations":[{"start":{"line":74,"column":37},"end":{"line":74,"column":61}},{"start":{"line":74,"column":64},"end":{"line":74,"column":79}}],"line":74},"6":{"loc":{"start":{"line":77,"column":26},"end":{"line":77,"column":79}},"type":"cond-expr","locations":[{"start":{"line":77,"column":37},"end":{"line":77,"column":61}},{"start":{"line":77,"column":64},"end":{"line":77,"column":79}}],"line":77}},"s":{"0":1,"1":65,"2":65,"3":65,"4":65,"5":65,"6":134,"7":19,"8":134,"9":56,"10":134,"11":59,"12":65,"13":14,"14":14,"15":65,"16":40,"17":3,"18":37,"19":65,"20":9,"21":9,"22":9,"23":9,"24":9,"25":65,"26":2,"27":1,"28":2,"29":2,"30":30,"31":10},"f":{"0":65,"1":134,"2":14,"3":40,"4":9,"5":9,"6":2,"7":1,"8":2,"9":2,"10":30,"11":10},"b":{"0":[19,115],"1":[56,78],"2":[59,75],"3":[3,37],"4":[3,62],"5":[3,62],"6":[3,62]},"_coverageSchema":"1a1c01bbd47fc00a2c39e90264f33305004495a9","hash":"f471f7a1afde38cce737125374c265ff3548a09b"}
,"/Users/jinqinxiong/Desktop/madness/src/configs.js": {"path":"/Users/jinqinxiong/Desktop/madness/src/configs.js","statementMap":{"0":{"start":{"line":1,"column":14},"end":{"line":1,"column":40}},"1":{"start":{"line":2,"column":15},"end":{"line":2,"column":40}},"2":{"start":{"line":3,"column":13},"end":{"line":3,"column":40}},"3":{"start":{"line":4,"column":13},"end":{"line":4,"column":38}},"4":{"start":{"line":5,"column":15},"end":{"line":5,"column":40}},"5":{"start":{"line":6,"column":15},"end":{"line":6,"column":41}},"6":{"start":{"line":7,"column":12},"end":{"line":7,"column":37}},"7":{"start":{"line":8,"column":13},"end":{"line":8,"column":39}},"8":{"start":{"line":9,"column":24},"end":{"line":9,"column":47}},"9":{"start":{"line":10,"column":14},"end":{"line":10,"column":39}},"10":{"start":{"line":12,"column":26},"end":{"line":37,"column":1}},"11":{"start":{"line":39,"column":26},"end":{"line":73,"column":1}},"12":{"start":{"line":75,"column":26},"end":{"line":123,"column":1}}},"fnMap":{},"branchMap":{},"s":{"0":1,"1":1,"2":1,"3":1,"4":1,"5":1,"6":1,"7":1,"8":1,"9":1,"10":1,"11":1,"12":1},"f":{},"b":{},"_coverageSchema":"1a1c01bbd47fc00a2c39e90264f33305004495a9","hash":"361d718a0f725d333ad49bd0fcd511592d598304"}
,"/Users/jinqinxiong/Desktop/madness/src/index.js": {"path":"/Users/jinqinxiong/Desktop/madness/src/index.js","statementMap":{"0":{"start":{"line":6,"column":13},"end":{"line":6,"column":65}},"1":{"start":{"line":7,"column":0},"end":{"line":11,"column":2}}},"fnMap":{},"branchMap":{},"s":{"0":0,"1":0},"f":{},"b":{}}
,"/Users/jinqinxiong/Desktop/madness/src/libs/canvas.js": {"path":"/Users/jinqinxiong/Desktop/madness/src/libs/canvas.js","statementMap":{"0":{"start":{"line":3,"column":10},"end":{"line":3,"column":13}},"1":{"start":{"line":4,"column":11},"end":{"line":4,"column":14}},"2":{"start":{"line":5,"column":15},"end":{"line":5,"column":17}},"3":{"start":{"line":6,"column":17},"end":{"line":6,"column":19}},"4":{"start":{"line":7,"column":10},"end":{"line":7,"column":19}},"5":{"start":{"line":8,"column":16},"end":{"line":8,"column":25}},"6":{"start":{"line":9,"column":12},"end":{"line":9,"column":13}},"7":{"start":{"line":10,"column":9},"end":{"line":10,"column":10}},"8":{"start":{"line":11,"column":10},"end":{"line":11,"column":25}},"9":{"start":{"line":12,"column":10},"end":{"line":12,"column":41}},"10":{"start":{"line":13,"column":8},"end":{"line":13,"column":17}},"11":{"start":{"line":14,"column":12},"end":{"line":14,"column":14}},"12":{"start":{"line":15,"column":11},"end":{"line":15,"column":13}},"13":{"start":{"line":16,"column":18},"end":{"line":16,"column":20}},"14":{"start":{"line":17,"column":11},"end":{"line":17,"column":20}},"15":{"start":{"line":18,"column":16},"end":{"line":18,"column":17}},"16":{"start":{"line":19,"column":13},"end":{"line":19,"column":18}},"17":{"start":{"line":20,"column":9},"end":{"line":20,"column":18}},"18":{"start":{"line":21,"column":14},"end":{"line":21,"column":42}},"19":{"start":{"line":24,"column":4},"end":{"line":24,"column":28}},"20":{"start":{"line":25,"column":4},"end":{"line":25,"column":42}},"21":{"start":{"line":26,"column":4},"end":{"line":26,"column":33}},"22":{"start":{"line":27,"column":4},"end":{"line":27,"column":35}},"23":{"start":{"line":28,"column":4},"end":{"line":28,"column":56}},"24":{"start":{"line":29,"column":4},"end":{"line":29,"column":39}},"25":{"start":{"line":34,"column":4},"end":{"line":34,"column":26}},"26":{"start":{"line":35,"column":4},"end":{"line":35,"column":21}},"27":{"start":{"line":37,"column":4},"end":{"line":37,"column":29}},"28":{"start":{"line":38,"column":4},"end":{"line":38,"column":51}},"29":{"start":{"line":39,"column":4},"end":{"line":39,"column":41}},"30":{"start":{"line":40,"column":4},"end":{"line":40,"column":38}},"31":{"start":{"line":41,"column":4},"end":{"line":41,"column":49}},"32":{"start":{"line":42,"column":4},"end":{"line":42,"column":44}},"33":{"start":{"line":43,"column":4},"end":{"line":43,"column":21}},"34":{"start":{"line":44,"column":4},"end":{"line":44,"column":28}},"35":{"start":{"line":45,"column":4},"end":{"line":45,"column":25}},"36":{"start":{"line":46,"column":4},"end":{"line":46,"column":26}},"37":{"start":{"line":47,"column":4},"end":{"line":47,"column":19}},"38":{"start":{"line":49,"column":4},"end":{"line":49,"column":100}},"39":{"start":{"line":50,"column":4},"end":{"line":50,"column":48}},"40":{"start":{"line":51,"column":4},"end":{"line":51,"column":49}},"41":{"start":{"line":53,"column":4},"end":{"line":53,"column":18}},"42":{"start":{"line":57,"column":4},"end":{"line":57,"column":26}},"43":{"start":{"line":58,"column":4},"end":{"line":58,"column":21}},"44":{"start":{"line":60,"column":22},"end":{"line":60,"column":64}},"45":{"start":{"line":61,"column":4},"end":{"line":61,"column":49}},"46":{"start":{"line":64,"column":4},"end":{"line":68,"column":7}},"47":{"start":{"line":65,"column":6},"end":{"line":65,"column":21}},"48":{"start":{"line":66,"column":6},"end":{"line":66,"column":36}},"49":{"start":{"line":67,"column":6},"end":{"line":67,"column":113}},"50":{"start":{"line":71,"column":25},"end":{"line":71,"column":27}},"51":{"start":{"line":72,"column":4},"end":{"line":80,"column":7}},"52":{"start":{"line":73,"column":6},"end":{"line":79,"column":7}},"53":{"start":{"line":74,"column":8},"end":{"line":74,"column":39}},"54":{"start":{"line":75,"column":8},"end":{"line":75,"column":31}},"55":{"start":{"line":76,"column":8},"end":{"line":76,"column":117}},"56":{"start":{"line":78,"column":8},"end":{"line":78,"column":32}},"57":{"start":{"line":81,"column":4},"end":{"line":85,"column":7}},"58":{"start":{"line":82,"column":6},"end":{"line":82,"column":53}},"59":{"start":{"line":83,"column":6},"end":{"line":83,"column":29}},"60":{"start":{"line":84,"column":6},"end":{"line":84,"column":115}},"61":{"start":{"line":87,"column":4},"end":{"line":112,"column":5}},"62":{"start":{"line":88,"column":6},"end":{"line":101,"column":9}},"63":{"start":{"line":89,"column":22},"end":{"line":89,"column":46}},"64":{"start":{"line":90,"column":22},"end":{"line":90,"column":49}},"65":{"start":{"line":91,"column":8},"end":{"line":100,"column":9}},"66":{"start":{"line":92,"column":10},"end":{"line":92,"column":33}},"67":{"start":{"line":93,"column":10},"end":{"line":93,"column":31}},"68":{"start":{"line":94,"column":10},"end":{"line":94,"column":80}},"69":{"start":{"line":95,"column":10},"end":{"line":95,"column":39}},"70":{"start":{"line":96,"column":10},"end":{"line":96,"column":26}},"71":{"start":{"line":97,"column":10},"end":{"line":97,"column":41}},"72":{"start":{"line":98,"column":10},"end":{"line":98,"column":28}},"73":{"start":{"line":99,"column":10},"end":{"line":99,"column":55}},"74":{"start":{"line":103,"column":6},"end":{"line":111,"column":9}},"75":{"start":{"line":104,"column":8},"end":{"line":104,"column":31}},"76":{"start":{"line":105,"column":8},"end":{"line":105,"column":29}},"77":{"start":{"line":106,"column":8},"end":{"line":106,"column":78}},"78":{"start":{"line":107,"column":8},"end":{"line":107,"column":81}},"79":{"start":{"line":108,"column":8},"end":{"line":108,"column":24}},"80":{"start":{"line":109,"column":8},"end":{"line":109,"column":83}},"81":{"start":{"line":110,"column":8},"end":{"line":110,"column":26}},"82":{"start":{"line":116,"column":4},"end":{"line":118,"column":5}},"83":{"start":{"line":117,"column":6},"end":{"line":117,"column":13}},"84":{"start":{"line":120,"column":23},"end":{"line":120,"column":58}},"85":{"start":{"line":122,"column":12},"end":{"line":122,"column":39}},"86":{"start":{"line":123,"column":12},"end":{"line":123,"column":38}},"87":{"start":{"line":124,"column":22},"end":{"line":124,"column":71}},"88":{"start":{"line":125,"column":18},"end":{"line":125,"column":33}},"89":{"start":{"line":126,"column":18},"end":{"line":126,"column":33}},"90":{"start":{"line":127,"column":19},"end":{"line":127,"column":60}},"91":{"start":{"line":129,"column":4},"end":{"line":172,"column":5}},"92":{"start":{"line":131,"column":26},"end":{"line":131,"column":92}},"93":{"start":{"line":132,"column":23},"end":{"line":132,"column":89}},"94":{"start":{"line":134,"column":22},"end":{"line":134,"column":64}},"95":{"start":{"line":135,"column":23},"end":{"line":135,"column":69}},"96":{"start":{"line":136,"column":25},"end":{"line":136,"column":71}},"97":{"start":{"line":137,"column":26},"end":{"line":137,"column":76}},"98":{"start":{"line":139,"column":26},"end":{"line":139,"column":83}},"99":{"start":{"line":140,"column":27},"end":{"line":140,"column":86}},"100":{"start":{"line":141,"column":29},"end":{"line":141,"column":92}},"101":{"start":{"line":142,"column":30},"end":{"line":142,"column":95}},"102":{"start":{"line":144,"column":6},"end":{"line":144,"column":63}},"103":{"start":{"line":144,"column":38},"end":{"line":144,"column":60}},"104":{"start":{"line":146,"column":6},"end":{"line":161,"column":7}},"105":{"start":{"line":152,"column":8},"end":{"line":152,"column":104}},"106":{"start":{"line":153,"column":8},"end":{"line":153,"column":27}},"107":{"start":{"line":154,"column":8},"end":{"line":154,"column":67}},"108":{"start":{"line":155,"column":8},"end":{"line":155,"column":70}},"109":{"start":{"line":156,"column":8},"end":{"line":156,"column":32}},"110":{"start":{"line":157,"column":8},"end":{"line":157,"column":64}},"111":{"start":{"line":157,"column":39},"end":{"line":157,"column":61}},"112":{"start":{"line":158,"column":8},"end":{"line":158,"column":22}},"113":{"start":{"line":159,"column":8},"end":{"line":159,"column":29}},"114":{"start":{"line":160,"column":8},"end":{"line":160,"column":15}},"115":{"start":{"line":163,"column":6},"end":{"line":166,"column":7}},"116":{"start":{"line":164,"column":8},"end":{"line":164,"column":32}},"117":{"start":{"line":165,"column":8},"end":{"line":165,"column":15}},"118":{"start":{"line":168,"column":6},"end":{"line":168,"column":115}},"119":{"start":{"line":169,"column":6},"end":{"line":169,"column":88}},"120":{"start":{"line":170,"column":6},"end":{"line":170,"column":20}},"121":{"start":{"line":171,"column":6},"end":{"line":171,"column":13}},"122":{"start":{"line":176,"column":4},"end":{"line":176,"column":30}},"123":{"start":{"line":176,"column":23},"end":{"line":176,"column":30}},"124":{"start":{"line":177,"column":4},"end":{"line":177,"column":43}},"125":{"start":{"line":177,"column":36},"end":{"line":177,"column":43}},"126":{"start":{"line":178,"column":29},"end":{"line":178,"column":75}},"127":{"start":{"line":179,"column":4},"end":{"line":182,"column":5}},"128":{"start":{"line":180,"column":6},"end":{"line":180,"column":60}},"129":{"start":{"line":181,"column":6},"end":{"line":181,"column":31}},"130":{"start":{"line":183,"column":4},"end":{"line":186,"column":5}},"131":{"start":{"line":184,"column":6},"end":{"line":184,"column":53}},"132":{"start":{"line":185,"column":6},"end":{"line":185,"column":33}},"133":{"start":{"line":187,"column":4},"end":{"line":189,"column":7}},"134":{"start":{"line":188,"column":6},"end":{"line":188,"column":49}},"135":{"start":{"line":191,"column":4},"end":{"line":191,"column":26}},"136":{"start":{"line":192,"column":4},"end":{"line":192,"column":65}},"137":{"start":{"line":193,"column":4},"end":{"line":193,"column":63}},"138":{"start":{"line":194,"column":4},"end":{"line":194,"column":18}},"139":{"start":{"line":195,"column":4},"end":{"line":195,"column":25}},"140":{"start":{"line":200,"column":4},"end":{"line":207,"column":5}},"141":{"start":{"line":201,"column":21},"end":{"line":201,"column":58}},"142":{"start":{"line":202,"column":6},"end":{"line":206,"column":9}},"143":{"start":{"line":211,"column":17},"end":{"line":211,"column":22}},"144":{"start":{"line":212,"column":16},"end":{"line":212,"column":18}},"145":{"start":{"line":213,"column":4},"end":{"line":224,"column":7}},"146":{"start":{"line":214,"column":6},"end":{"line":214,"column":29}},"147":{"start":{"line":216,"column":23},"end":{"line":216,"column":93}},"148":{"start":{"line":218,"column":6},"end":{"line":223,"column":7}},"149":{"start":{"line":220,"column":8},"end":{"line":220,"column":22}},"150":{"start":{"line":221,"column":8},"end":{"line":221,"column":30}},"151":{"start":{"line":222,"column":8},"end":{"line":222,"column":41}},"152":{"start":{"line":225,"column":4},"end":{"line":228,"column":6}},"153":{"start":{"line":233,"column":4},"end":{"line":233,"column":54}},"154":{"start":{"line":238,"column":4},"end":{"line":238,"column":44}},"155":{"start":{"line":242,"column":4},"end":{"line":242,"column":65}},"156":{"start":{"line":246,"column":4},"end":{"line":246,"column":60}},"157":{"start":{"line":251,"column":14},"end":{"line":251,"column":60}},"158":{"start":{"line":251,"column":40},"end":{"line":251,"column":59}},"159":{"start":{"line":252,"column":4},"end":{"line":257,"column":5}},"160":{"start":{"line":253,"column":6},"end":{"line":253,"column":81}},"161":{"start":{"line":254,"column":6},"end":{"line":254,"column":50}},"162":{"start":{"line":255,"column":6},"end":{"line":255,"column":27}},"163":{"start":{"line":256,"column":6},"end":{"line":256,"column":13}},"164":{"start":{"line":259,"column":4},"end":{"line":274,"column":5}},"165":{"start":{"line":261,"column":24},"end":{"line":261,"column":72}},"166":{"start":{"line":261,"column":51},"end":{"line":261,"column":71}},"167":{"start":{"line":262,"column":6},"end":{"line":273,"column":7}},"168":{"start":{"line":263,"column":8},"end":{"line":263,"column":29}},"169":{"start":{"line":264,"column":8},"end":{"line":267,"column":11}},"170":{"start":{"line":268,"column":8},"end":{"line":268,"column":52}},"171":{"start":{"line":269,"column":8},"end":{"line":269,"column":59}},"172":{"start":{"line":269,"column":37},"end":{"line":269,"column":56}},"173":{"start":{"line":270,"column":8},"end":{"line":270,"column":58}},"174":{"start":{"line":270,"column":36},"end":{"line":270,"column":55}},"175":{"start":{"line":271,"column":8},"end":{"line":271,"column":22}},"176":{"start":{"line":272,"column":8},"end":{"line":272,"column":15}},"177":{"start":{"line":276,"column":4},"end":{"line":291,"column":5}},"178":{"start":{"line":278,"column":25},"end":{"line":278,"column":72}},"179":{"start":{"line":278,"column":52},"end":{"line":278,"column":71}},"180":{"start":{"line":279,"column":6},"end":{"line":290,"column":7}},"181":{"start":{"line":280,"column":8},"end":{"line":280,"column":29}},"182":{"start":{"line":281,"column":8},"end":{"line":284,"column":11}},"183":{"start":{"line":285,"column":8},"end":{"line":285,"column":52}},"184":{"start":{"line":286,"column":8},"end":{"line":286,"column":59}},"185":{"start":{"line":286,"column":37},"end":{"line":286,"column":56}},"186":{"start":{"line":287,"column":8},"end":{"line":287,"column":58}},"187":{"start":{"line":287,"column":36},"end":{"line":287,"column":55}},"188":{"start":{"line":288,"column":8},"end":{"line":288,"column":22}},"189":{"start":{"line":289,"column":8},"end":{"line":289,"column":15}},"190":{"start":{"line":292,"column":4},"end":{"line":292,"column":15}}},"fnMap":{"0":{"name":"(anonymous_0)","decl":{"start":{"line":20,"column":9},"end":{"line":20,"column":10}},"loc":{"start":{"line":20,"column":15},"end":{"line":20,"column":18}},"line":20},"1":{"name":"(anonymous_1)","decl":{"start":{"line":23,"column":2},"end":{"line":23,"column":3}},"loc":{"start":{"line":23,"column":35},"end":{"line":30,"column":3}},"line":23},"2":{"name":"(anonymous_2)","decl":{"start":{"line":29,"column":29},"end":{"line":29,"column":30}},"loc":{"start":{"line":29,"column":35},"end":{"line":29,"column":37}},"line":29},"3":{"name":"(anonymous_3)","decl":{"start":{"line":32,"column":2},"end":{"line":32,"column":3}},"loc":{"start":{"line":32,"column":25},"end":{"line":54,"column":3}},"line":32},"4":{"name":"(anonymous_4)","decl":{"start":{"line":56,"column":2},"end":{"line":56,"column":3}},"loc":{"start":{"line":56,"column":11},"end":{"line":113,"column":3}},"line":56},"5":{"name":"(anonymous_5)","decl":{"start":{"line":64,"column":25},"end":{"line":64,"column":26}},"loc":{"start":{"line":64,"column":38},"end":{"line":68,"column":5}},"line":64},"6":{"name":"(anonymous_6)","decl":{"start":{"line":72,"column":25},"end":{"line":72,"column":26}},"loc":{"start":{"line":72,"column":33},"end":{"line":80,"column":5}},"line":72},"7":{"name":"(anonymous_7)","decl":{"start":{"line":81,"column":27},"end":{"line":81,"column":28}},"loc":{"start":{"line":81,"column":35},"end":{"line":85,"column":5}},"line":81},"8":{"name":"(anonymous_8)","decl":{"start":{"line":88,"column":27},"end":{"line":88,"column":28}},"loc":{"start":{"line":88,"column":35},"end":{"line":101,"column":7}},"line":88},"9":{"name":"(anonymous_9)","decl":{"start":{"line":103,"column":26},"end":{"line":103,"column":27}},"loc":{"start":{"line":103,"column":37},"end":{"line":111,"column":7}},"line":103},"10":{"name":"(anonymous_10)","decl":{"start":{"line":115,"column":2},"end":{"line":115,"column":3}},"loc":{"start":{"line":115,"column":18},"end":{"line":173,"column":3}},"line":115},"11":{"name":"(anonymous_11)","decl":{"start":{"line":144,"column":27},"end":{"line":144,"column":28}},"loc":{"start":{"line":144,"column":38},"end":{"line":144,"column":60}},"line":144},"12":{"name":"(anonymous_12)","decl":{"start":{"line":157,"column":28},"end":{"line":157,"column":29}},"loc":{"start":{"line":157,"column":39},"end":{"line":157,"column":61}},"line":157},"13":{"name":"(anonymous_13)","decl":{"start":{"line":175,"column":2},"end":{"line":175,"column":3}},"loc":{"start":{"line":175,"column":15},"end":{"line":196,"column":3}},"line":175},"14":{"name":"(anonymous_14)","decl":{"start":{"line":187,"column":31},"end":{"line":187,"column":32}},"loc":{"start":{"line":187,"column":46},"end":{"line":189,"column":5}},"line":187},"15":{"name":"(anonymous_15)","decl":{"start":{"line":199,"column":2},"end":{"line":199,"column":3}},"loc":{"start":{"line":199,"column":12},"end":{"line":208,"column":3}},"line":199},"16":{"name":"(anonymous_16)","decl":{"start":{"line":210,"column":2},"end":{"line":210,"column":3}},"loc":{"start":{"line":210,"column":37},"end":{"line":229,"column":3}},"line":210},"17":{"name":"(anonymous_17)","decl":{"start":{"line":213,"column":24},"end":{"line":213,"column":25}},"loc":{"start":{"line":213,"column":34},"end":{"line":224,"column":5}},"line":213},"18":{"name":"(anonymous_18)","decl":{"start":{"line":232,"column":2},"end":{"line":232,"column":3}},"loc":{"start":{"line":232,"column":14},"end":{"line":234,"column":3}},"line":232},"19":{"name":"(anonymous_19)","decl":{"start":{"line":237,"column":2},"end":{"line":237,"column":3}},"loc":{"start":{"line":237,"column":19},"end":{"line":239,"column":3}},"line":237},"20":{"name":"(anonymous_20)","decl":{"start":{"line":241,"column":2},"end":{"line":241,"column":3}},"loc":{"start":{"line":241,"column":10},"end":{"line":243,"column":3}},"line":241},"21":{"name":"(anonymous_21)","decl":{"start":{"line":245,"column":2},"end":{"line":245,"column":3}},"loc":{"start":{"line":245,"column":12},"end":{"line":247,"column":3}},"line":245},"22":{"name":"(anonymous_22)","decl":{"start":{"line":249,"column":2},"end":{"line":249,"column":3}},"loc":{"start":{"line":249,"column":18},"end":{"line":293,"column":3}},"line":249},"23":{"name":"(anonymous_23)","decl":{"start":{"line":251,"column":33},"end":{"line":251,"column":34}},"loc":{"start":{"line":251,"column":40},"end":{"line":251,"column":59}},"line":251},"24":{"name":"(anonymous_24)","decl":{"start":{"line":261,"column":44},"end":{"line":261,"column":45}},"loc":{"start":{"line":261,"column":51},"end":{"line":261,"column":71}},"line":261},"25":{"name":"(anonymous_25)","decl":{"start":{"line":269,"column":29},"end":{"line":269,"column":30}},"loc":{"start":{"line":269,"column":37},"end":{"line":269,"column":56}},"line":269},"26":{"name":"(anonymous_26)","decl":{"start":{"line":270,"column":28},"end":{"line":270,"column":29}},"loc":{"start":{"line":270,"column":36},"end":{"line":270,"column":55}},"line":270},"27":{"name":"(anonymous_27)","decl":{"start":{"line":278,"column":45},"end":{"line":278,"column":46}},"loc":{"start":{"line":278,"column":52},"end":{"line":278,"column":71}},"line":278},"28":{"name":"(anonymous_28)","decl":{"start":{"line":286,"column":29},"end":{"line":286,"column":30}},"loc":{"start":{"line":286,"column":37},"end":{"line":286,"column":56}},"line":286},"29":{"name":"(anonymous_29)","decl":{"start":{"line":287,"column":28},"end":{"line":287,"column":29}},"loc":{"start":{"line":287,"column":36},"end":{"line":287,"column":55}},"line":287}},"branchMap":{"0":{"loc":{"start":{"line":29,"column":16},"end":{"line":29,"column":38}},"type":"binary-expr","locations":[{"start":{"line":29,"column":16},"end":{"line":29,"column":24}},{"start":{"line":29,"column":29},"end":{"line":29,"column":37}}],"line":29},"1":{"loc":{"start":{"line":49,"column":71},"end":{"line":49,"column":81}},"type":"binary-expr","locations":[{"start":{"line":49,"column":71},"end":{"line":49,"column":75}},{"start":{"line":49,"column":79},"end":{"line":49,"column":81}}],"line":49},"2":{"loc":{"start":{"line":73,"column":6},"end":{"line":79,"column":7}},"type":"if","locations":[{"start":{"line":73,"column":6},"end":{"line":79,"column":7}},{"start":{"line":77,"column":13},"end":{"line":79,"column":7}}],"line":73},"3":{"loc":{"start":{"line":87,"column":4},"end":{"line":112,"column":5}},"type":"if","locations":[{"start":{"line":87,"column":4},"end":{"line":112,"column":5}},{"start":{"line":102,"column":11},"end":{"line":112,"column":5}}],"line":87},"4":{"loc":{"start":{"line":91,"column":8},"end":{"line":100,"column":9}},"type":"if","locations":[{"start":{"line":91,"column":8},"end":{"line":100,"column":9}},{"start":{},"end":{}}],"line":91},"5":{"loc":{"start":{"line":91,"column":12},"end":{"line":91,"column":108}},"type":"binary-expr","locations":[{"start":{"line":91,"column":12},"end":{"line":91,"column":33}},{"start":{"line":91,"column":37},"end":{"line":91,"column":58}},{"start":{"line":91,"column":62},"end":{"line":91,"column":83}},{"start":{"line":91,"column":87},"end":{"line":91,"column":108}}],"line":91},"6":{"loc":{"start":{"line":107,"column":29},"end":{"line":107,"column":80}},"type":"cond-expr","locations":[{"start":{"line":107,"column":47},"end":{"line":107,"column":70}},{"start":{"line":107,"column":73},"end":{"line":107,"column":80}}],"line":107},"7":{"loc":{"start":{"line":109,"column":31},"end":{"line":109,"column":82}},"type":"cond-expr","locations":[{"start":{"line":109,"column":49},"end":{"line":109,"column":72}},{"start":{"line":109,"column":75},"end":{"line":109,"column":82}}],"line":109},"8":{"loc":{"start":{"line":116,"column":4},"end":{"line":118,"column":5}},"type":"if","locations":[{"start":{"line":116,"column":4},"end":{"line":118,"column":5}},{"start":{},"end":{}}],"line":116},"9":{"loc":{"start":{"line":129,"column":4},"end":{"line":172,"column":5}},"type":"if","locations":[{"start":{"line":129,"column":4},"end":{"line":172,"column":5}},{"start":{},"end":{}}],"line":129},"10":{"loc":{"start":{"line":146,"column":6},"end":{"line":161,"column":7}},"type":"if","locations":[{"start":{"line":146,"column":6},"end":{"line":161,"column":7}},{"start":{},"end":{}}],"line":146},"11":{"loc":{"start":{"line":147,"column":8},"end":{"line":150,"column":51}},"type":"binary-expr","locations":[{"start":{"line":147,"column":8},"end":{"line":147,"column":37}},{"start":{"line":148,"column":8},"end":{"line":148,"column":48}},{"start":{"line":149,"column":8},"end":{"line":149,"column":50}},{"start":{"line":150,"column":8},"end":{"line":150,"column":51}}],"line":147},"12":{"loc":{"start":{"line":163,"column":6},"end":{"line":166,"column":7}},"type":"if","locations":[{"start":{"line":163,"column":6},"end":{"line":166,"column":7}},{"start":{},"end":{}}],"line":163},"13":{"loc":{"start":{"line":163,"column":10},"end":{"line":163,"column":146}},"type":"binary-expr","locations":[{"start":{"line":163,"column":10},"end":{"line":163,"column":39}},{"start":{"line":163,"column":43},"end":{"line":163,"column":73}},{"start":{"line":163,"column":77},"end":{"line":163,"column":109}},{"start":{"line":163,"column":113},"end":{"line":163,"column":146}}],"line":163},"14":{"loc":{"start":{"line":176,"column":4},"end":{"line":176,"column":30}},"type":"if","locations":[{"start":{"line":176,"column":4},"end":{"line":176,"column":30}},{"start":{},"end":{}}],"line":176},"15":{"loc":{"start":{"line":177,"column":4},"end":{"line":177,"column":43}},"type":"if","locations":[{"start":{"line":177,"column":4},"end":{"line":177,"column":43}},{"start":{},"end":{}}],"line":177},"16":{"loc":{"start":{"line":179,"column":4},"end":{"line":182,"column":5}},"type":"if","locations":[{"start":{"line":179,"column":4},"end":{"line":182,"column":5}},{"start":{},"end":{}}],"line":179},"17":{"loc":{"start":{"line":183,"column":4},"end":{"line":186,"column":5}},"type":"if","locations":[{"start":{"line":183,"column":4},"end":{"line":186,"column":5}},{"start":{},"end":{}}],"line":183},"18":{"loc":{"start":{"line":200,"column":4},"end":{"line":207,"column":5}},"type":"if","locations":[{"start":{"line":200,"column":4},"end":{"line":207,"column":5}},{"start":{},"end":{}}],"line":200},"19":{"loc":{"start":{"line":218,"column":6},"end":{"line":223,"column":7}},"type":"if","locations":[{"start":{"line":218,"column":6},"end":{"line":223,"column":7}},{"start":{},"end":{}}],"line":218},"20":{"loc":{"start":{"line":252,"column":4},"end":{"line":257,"column":5}},"type":"if","locations":[{"start":{"line":252,"column":4},"end":{"line":257,"column":5}},{"start":{},"end":{}}],"line":252},"21":{"loc":{"start":{"line":259,"column":4},"end":{"line":274,"column":5}},"type":"if","locations":[{"start":{"line":259,"column":4},"end":{"line":274,"column":5}},{"start":{},"end":{}}],"line":259},"22":{"loc":{"start":{"line":259,"column":8},"end":{"line":259,"column":59}},"type":"binary-expr","locations":[{"start":{"line":259,"column":8},"end":{"line":259,"column":34}},{"start":{"line":259,"column":38},"end":{"line":259,"column":59}}],"line":259},"23":{"loc":{"start":{"line":262,"column":6},"end":{"line":273,"column":7}},"type":"if","locations":[{"start":{"line":262,"column":6},"end":{"line":273,"column":7}},{"start":{},"end":{}}],"line":262},"24":{"loc":{"start":{"line":276,"column":4},"end":{"line":291,"column":5}},"type":"if","locations":[{"start":{"line":276,"column":4},"end":{"line":291,"column":5}},{"start":{},"end":{}}],"line":276},"25":{"loc":{"start":{"line":276,"column":8},"end":{"line":276,"column":60}},"type":"binary-expr","locations":[{"start":{"line":276,"column":8},"end":{"line":276,"column":30}},{"start":{"line":276,"column":34},"end":{"line":276,"column":60}}],"line":276},"26":{"loc":{"start":{"line":279,"column":6},"end":{"line":290,"column":7}},"type":"if","locations":[{"start":{"line":279,"column":6},"end":{"line":290,"column":7}},{"start":{},"end":{}}],"line":279}},"s":{"0":9,"1":9,"2":9,"3":9,"4":9,"5":9,"6":9,"7":9,"8":9,"9":9,"10":9,"11":9,"12":9,"13":9,"14":9,"15":9,"16":9,"17":9,"18":9,"19":9,"20":9,"21":9,"22":9,"23":9,"24":9,"25":16,"26":16,"27":16,"28":16,"29":16,"30":16,"31":16,"32":16,"33":16,"34":16,"35":16,"36":16,"37":16,"38":16,"39":16,"40":16,"41":16,"42":86,"43":86,"44":86,"45":86,"46":86,"47":1632,"48":1632,"49":1632,"50":86,"51":86,"52":1632,"53":1436,"54":1436,"55":1436,"56":196,"57":86,"58":196,"59":196,"60":196,"61":86,"62":16,"63":314,"64":314,"65":314,"66":190,"67":190,"68":190,"69":190,"70":190,"71":190,"72":190,"73":190,"74":70,"75":788,"76":788,"77":788,"78":788,"79":788,"80":788,"81":788,"82":21,"83":1,"84":20,"85":20,"86":20,"87":20,"88":20,"89":20,"90":20,"91":20,"92":20,"93":20,"94":20,"95":20,"96":20,"97":20,"98":20,"99":20,"100":20,"101":20,"102":20,"103":340,"104":20,"105":5,"106":5,"107":5,"108":5,"109":5,"110":5,"111":45,"112":5,"113":5,"114":5,"115":15,"116":1,"117":1,"118":14,"119":14,"120":14,"121":14,"122":37,"123":0,"124":37,"125":2,"126":35,"127":35,"128":27,"129":27,"130":35,"131":8,"132":8,"133":35,"134":140,"135":35,"136":35,"137":35,"138":35,"139":35,"140":16,"141":2,"142":2,"143":20,"144":20,"145":20,"146":196,"147":196,"148":196,"149":20,"150":20,"151":20,"152":20,"153":102,"154":102,"155":2,"156":9,"157":40,"158":83,"159":40,"160":1,"161":1,"162":1,"163":1,"164":39,"165":1,"166":36,"167":1,"168":1,"169":1,"170":1,"171":1,"172":36,"173":1,"174":25,"175":1,"176":1,"177":38,"178":1,"179":16,"180":1,"181":1,"182":1,"183":1,"184":1,"185":16,"186":1,"187":9,"188":1,"189":1,"190":37},"f":{"0":0,"1":9,"2":0,"3":16,"4":86,"5":1632,"6":1632,"7":196,"8":314,"9":788,"10":21,"11":340,"12":45,"13":37,"14":140,"15":16,"16":20,"17":196,"18":102,"19":102,"20":2,"21":9,"22":40,"23":83,"24":36,"25":36,"26":25,"27":16,"28":16,"29":9},"b":{"0":[9,0],"1":[16,2],"2":[1436,196],"3":[16,70],"4":[190,124],"5":[314,244,190,190],"6":[49,739],"7":[49,739],"8":[1,20],"9":[20,0],"10":[5,15],"11":[20,16,7,5],"12":[1,14],"13":[15,4,2,1],"14":[0,37],"15":[2,35],"16":[27,8],"17":[8,27],"18":[2,14],"19":[20,176],"20":[1,39],"21":[1,38],"22":[39,5],"23":[1,0],"24":[1,37],"25":[38,1],"26":[1,0]},"_coverageSchema":"1a1c01bbd47fc00a2c39e90264f33305004495a9","hash":"ab882569e6435129b5e43b59bbdf4409fbabaec2"}
,"/Users/jinqinxiong/Desktop/madness/src/model/Model.js": {"path":"/Users/jinqinxiong/Desktop/madness/src/model/Model.js","statementMap":{"0":{"start":{"line":5,"column":8},"end":{"line":5,"column":20}},"1":{"start":{"line":6,"column":8},"end":{"line":6,"column":23}},"2":{"start":{"line":7,"column":8},"end":{"line":7,"column":26}},"3":{"start":{"line":13,"column":8},"end":{"line":13,"column":25}},"4":{"start":{"line":14,"column":8},"end":{"line":14,"column":47}},"5":{"start":{"line":16,"column":8},"end":{"line":19,"column":9}},"6":{"start":{"line":17,"column":21},"end":{"line":17,"column":83}},"7":{"start":{"line":18,"column":12},"end":{"line":18,"column":33}},"8":{"start":{"line":25,"column":8},"end":{"line":25,"column":61}},"9":{"start":{"line":26,"column":8},"end":{"line":26,"column":40}},"10":{"start":{"line":27,"column":8},"end":{"line":27,"column":64}}},"fnMap":{"0":{"name":"(anonymous_0)","decl":{"start":{"line":4,"column":4},"end":{"line":4,"column":5}},"loc":{"start":{"line":4,"column":30},"end":{"line":8,"column":5}},"line":4},"1":{"name":"(anonymous_1)","decl":{"start":{"line":12,"column":4},"end":{"line":12,"column":5}},"loc":{"start":{"line":12,"column":25},"end":{"line":20,"column":5}},"line":12},"2":{"name":"(anonymous_2)","decl":{"start":{"line":24,"column":4},"end":{"line":24,"column":5}},"loc":{"start":{"line":24,"column":23},"end":{"line":28,"column":5}},"line":24}},"branchMap":{"0":{"loc":{"start":{"line":26,"column":29},"end":{"line":26,"column":39}},"type":"binary-expr","locations":[{"start":{"line":26,"column":29},"end":{"line":26,"column":34}},{"start":{"line":26,"column":38},"end":{"line":26,"column":39}}],"line":26}},"s":{"0":356,"1":356,"2":356,"3":17,"4":17,"5":17,"6":356,"7":356,"8":17,"9":17,"10":17},"f":{"0":356,"1":17,"2":17},"b":{"0":[17,11]},"_coverageSchema":"1a1c01bbd47fc00a2c39e90264f33305004495a9","hash":"be7c9453ebd04007462ed0f8efb0b4168f9df417"}
}
