TN:
SF:src/App.js
FN:7,App
FN:14,(anonymous_1)
FN:26,(anonymous_2)
FN:31,(anonymous_3)
FN:39,(anonymous_4)
FN:42,(anonymous_5)
FN:51,(anonymous_6)
FN:63,(anonymous_7)
FN:66,(anonymous_8)
FN:69,(anonymous_9)
FN:74,(anonymous_10)
FN:77,(anonymous_11)
FNF:12
FNH:12
FNDA:65,App
FNDA:134,(anonymous_1)
FNDA:14,(anonymous_2)
FNDA:40,(anonymous_3)
FNDA:9,(anonymous_4)
FNDA:9,(anonymous_5)
FNDA:2,(anonymous_6)
FNDA:1,(anonymous_7)
FNDA:2,(anonymous_8)
FNDA:2,(anonymous_9)
FNDA:30,(anonymous_10)
FNDA:10,(anonymous_11)
DA:6,1
DA:8,65
DA:9,65
DA:10,65
DA:11,65
DA:14,65
DA:15,134
DA:16,19
DA:18,134
DA:19,56
DA:21,134
DA:22,59
DA:26,65
DA:27,14
DA:28,14
DA:31,65
DA:32,40
DA:33,3
DA:35,37
DA:39,65
DA:40,9
DA:41,9
DA:42,9
DA:43,9
DA:44,9
DA:48,65
DA:51,2
DA:63,1
DA:66,2
DA:69,2
DA:74,30
DA:77,10
LF:32
LH:32
BRDA:15,0,0,19
BRDA:15,0,1,115
BRDA:18,1,0,56
BRDA:18,1,1,78
BRDA:21,2,0,59
BRDA:21,2,1,75
BRDA:32,3,0,3
BRDA:32,3,1,37
BRDA:57,4,0,3
BRDA:57,4,1,62
BRDA:74,5,0,3
BRDA:74,5,1,62
BRDA:77,6,0,3
BRDA:77,6,1,62
BRF:14
BRH:14
end_of_record
TN:
SF:src/configs.js
FNF:0
FNH:0
DA:1,1
DA:2,1
DA:3,1
DA:4,1
DA:5,1
DA:6,1
DA:7,1
DA:8,1
DA:9,1
DA:10,1
DA:12,1
DA:39,1
DA:75,1
LF:13
LH:13
BRF:0
BRH:0
end_of_record
TN:
SF:src/index.js
FNF:0
FNH:0
DA:6,0
DA:7,0
LF:2
LH:0
BRF:0
BRH:0
end_of_record
TN:
SF:src/libs/canvas.js
FN:20,(anonymous_0)
FN:23,(anonymous_1)
FN:29,(anonymous_2)
FN:32,(anonymous_3)
FN:56,(anonymous_4)
FN:64,(anonymous_5)
FN:72,(anonymous_6)
FN:81,(anonymous_7)
FN:88,(anonymous_8)
FN:103,(anonymous_9)
FN:115,(anonymous_10)
FN:144,(anonymous_11)
FN:157,(anonymous_12)
FN:175,(anonymous_13)
FN:187,(anonymous_14)
FN:199,(anonymous_15)
FN:210,(anonymous_16)
FN:213,(anonymous_17)
FN:232,(anonymous_18)
FN:237,(anonymous_19)
FN:241,(anonymous_20)
FN:245,(anonymous_21)
FN:249,(anonymous_22)
FN:251,(anonymous_23)
FN:261,(anonymous_24)
FN:269,(anonymous_25)
FN:270,(anonymous_26)
FN:278,(anonymous_27)
FN:286,(anonymous_28)
FN:287,(anonymous_29)
FNF:30
FNH:28
FNDA:0,(anonymous_0)
FNDA:9,(anonymous_1)
FNDA:0,(anonymous_2)
FNDA:16,(anonymous_3)
FNDA:86,(anonymous_4)
FNDA:1632,(anonymous_5)
FNDA:1632,(anonymous_6)
FNDA:196,(anonymous_7)
FNDA:314,(anonymous_8)
FNDA:788,(anonymous_9)
FNDA:21,(anonymous_10)
FNDA:340,(anonymous_11)
FNDA:45,(anonymous_12)
FNDA:37,(anonymous_13)
FNDA:140,(anonymous_14)
FNDA:16,(anonymous_15)
FNDA:20,(anonymous_16)
FNDA:196,(anonymous_17)
FNDA:102,(anonymous_18)
FNDA:102,(anonymous_19)
FNDA:2,(anonymous_20)
FNDA:9,(anonymous_21)
FNDA:40,(anonymous_22)
FNDA:83,(anonymous_23)
FNDA:36,(anonymous_24)
FNDA:36,(anonymous_25)
FNDA:25,(anonymous_26)
FNDA:16,(anonymous_27)
FNDA:16,(anonymous_28)
FNDA:9,(anonymous_29)
DA:3,9
DA:4,9
DA:5,9
DA:6,9
DA:7,9
DA:8,9
DA:9,9
DA:10,9
DA:11,9
DA:12,9
DA:13,9
DA:14,9
DA:15,9
DA:16,9
DA:17,9
DA:18,9
DA:19,9
DA:20,9
DA:21,9
DA:24,9
DA:25,9
DA:26,9
DA:27,9
DA:28,9
DA:29,9
DA:34,16
DA:35,16
DA:37,16
DA:38,16
DA:39,16
DA:40,16
DA:41,16
DA:42,16
DA:43,16
DA:44,16
DA:45,16
DA:46,16
DA:47,16
DA:49,16
DA:50,16
DA:51,16
DA:53,16
DA:57,86
DA:58,86
DA:60,86
DA:61,86
DA:64,86
DA:65,1632
DA:66,1632
DA:67,1632
DA:71,86
DA:72,86
DA:73,1632
DA:74,1436
DA:75,1436
DA:76,1436
DA:78,196
DA:81,86
DA:82,196
DA:83,196
DA:84,196
DA:87,86
DA:88,16
DA:89,314
DA:90,314
DA:91,314
DA:92,190
DA:93,190
DA:94,190
DA:95,190
DA:96,190
DA:97,190
DA:98,190
DA:99,190
DA:103,70
DA:104,788
DA:105,788
DA:106,788
DA:107,788
DA:108,788
DA:109,788
DA:110,788
DA:116,21
DA:117,1
DA:120,20
DA:122,20
DA:123,20
DA:124,20
DA:125,20
DA:126,20
DA:127,20
DA:129,20
DA:131,20
DA:132,20
DA:134,20
DA:135,20
DA:136,20
DA:137,20
DA:139,20
DA:140,20
DA:141,20
DA:142,20
DA:144,340
DA:146,20
DA:152,5
DA:153,5
DA:154,5
DA:155,5
DA:156,5
DA:157,45
DA:158,5
DA:159,5
DA:160,5
DA:163,15
DA:164,1
DA:165,1
DA:168,14
DA:169,14
DA:170,14
DA:171,14
DA:176,37
DA:177,37
DA:178,35
DA:179,35
DA:180,27
DA:181,27
DA:183,35
DA:184,8
DA:185,8
DA:187,35
DA:188,140
DA:191,35
DA:192,35
DA:193,35
DA:194,35
DA:195,35
DA:200,16
DA:201,2
DA:202,2
DA:211,20
DA:212,20
DA:213,20
DA:214,196
DA:216,196
DA:218,196
DA:220,20
DA:221,20
DA:222,20
DA:225,20
DA:233,102
DA:238,102
DA:242,2
DA:246,9
DA:251,83
DA:252,40
DA:253,1
DA:254,1
DA:255,1
DA:256,1
DA:259,39
DA:261,36
DA:262,1
DA:263,1
DA:264,1
DA:268,1
DA:269,36
DA:270,25
DA:271,1
DA:272,1
DA:276,38
DA:278,16
DA:279,1
DA:280,1
DA:281,1
DA:285,1
DA:286,16
DA:287,9
DA:288,1
DA:289,1
DA:292,37
LF:180
LH:180
BRDA:29,0,0,9
BRDA:29,0,1,0
BRDA:49,1,0,16
BRDA:49,1,1,2
BRDA:73,2,0,1436
BRDA:73,2,1,196
BRDA:87,3,0,16
BRDA:87,3,1,70
BRDA:91,4,0,190
BRDA:91,4,1,124
BRDA:91,5,0,314
BRDA:91,5,1,244
BRDA:91,5,2,190
BRDA:91,5,3,190
BRDA:107,6,0,49
BRDA:107,6,1,739
BRDA:109,7,0,49
BRDA:109,7,1,739
BRDA:116,8,0,1
BRDA:116,8,1,20
BRDA:129,9,0,20
BRDA:129,9,1,0
BRDA:146,10,0,5
BRDA:146,10,1,15
BRDA:147,11,0,20
BRDA:147,11,1,16
BRDA:147,11,2,7
BRDA:147,11,3,5
BRDA:163,12,0,1
BRDA:163,12,1,14
BRDA:163,13,0,15
BRDA:163,13,1,4
BRDA:163,13,2,2
BRDA:163,13,3,1
BRDA:176,14,0,0
BRDA:176,14,1,37
BRDA:177,15,0,2
BRDA:177,15,1,35
BRDA:179,16,0,27
BRDA:179,16,1,8
BRDA:183,17,0,8
BRDA:183,17,1,27
BRDA:200,18,0,2
BRDA:200,18,1,14
BRDA:218,19,0,20
BRDA:218,19,1,176
BRDA:252,20,0,1
BRDA:252,20,1,39
BRDA:259,21,0,1
BRDA:259,21,1,38
BRDA:259,22,0,39
BRDA:259,22,1,5
BRDA:262,23,0,1
BRDA:262,23,1,0
BRDA:276,24,0,1
BRDA:276,24,1,37
BRDA:276,25,0,38
BRDA:276,25,1,1
BRDA:279,26,0,1
BRDA:279,26,1,0
BRF:60
BRH:55
end_of_record
TN:
SF:src/model/Model.js
FN:4,(anonymous_0)
FN:12,(anonymous_1)
FN:24,(anonymous_2)
FNF:3
FNH:3
FNDA:356,(anonymous_0)
FNDA:17,(anonymous_1)
FNDA:17,(anonymous_2)
DA:5,356
DA:6,356
DA:7,356
DA:13,17
DA:14,17
DA:16,17
DA:17,356
DA:18,356
DA:25,17
DA:26,17
DA:27,17
LF:11
LH:11
BRDA:26,0,0,17
BRDA:26,0,1,11
BRF:2
BRH:2
end_of_record
